			estimate	standard error
genetic covariance	Some pheno 101	Some pheno 101	1.0096270935832112	0.07849911143396028
genetic covariance	Some pheno 101	Some pheno 102	-0.19766550154124726	0.0547693026967226
genetic covariance	Some pheno 101	Some pheno 103	0.28596715166588643	0.054803196528213007
genetic covariance	Some pheno 101	Some pheno 104	-0.34261832428012473	0.05517886554500954
genetic covariance	Some pheno 101	Some pheno 105	0.10944498358953357	0.05474632999347896
genetic covariance	Some pheno 101	Some pheno 106	-0.002289372768411804	0.055468335945222616
genetic covariance	Some pheno 101	Some pheno 107	-0.0408434839204128	0.056700737098732086
genetic covariance	Some pheno 101	Some pheno 108	0.0008669094816532694	0.05494772914678682
genetic covariance	Some pheno 101	Some pheno 109	0.051412870078775014	0.05923413809730711
genetic covariance	Some pheno 101	Some pheno 110	0.007526984505633264	0.05657427130924789
genetic covariance	Some pheno 102	Some pheno 102	1.0267382645376328	0.07566587838179378
genetic covariance	Some pheno 102	Some pheno 103	-0.5753230877189089	0.05806561359605972
genetic covariance	Some pheno 102	Some pheno 104	0.5363284860672203	0.05378817053130744
genetic covariance	Some pheno 102	Some pheno 105	-0.2878971416562556	0.05566258267934754
genetic covariance	Some pheno 102	Some pheno 106	0.01713840817499016	0.05443770456676158
genetic covariance	Some pheno 102	Some pheno 107	0.027604565298931977	0.05767769198101564
genetic covariance	Some pheno 102	Some pheno 108	-0.05242672542970373	0.05477826040302364
genetic covariance	Some pheno 102	Some pheno 109	0.06371710218019327	0.0543672886331124
genetic covariance	Some pheno 102	Some pheno 110	0.01978523375350098	0.056605311801555175
genetic covariance	Some pheno 103	Some pheno 103	1.0094340237032575	0.07609306478805973
genetic covariance	Some pheno 103	Some pheno 104	-0.9103881015939175	0.058592879743925595
genetic covariance	Some pheno 103	Some pheno 105	0.3602569812109632	0.06263894880732791
genetic covariance	Some pheno 103	Some pheno 106	0.01198109153618664	0.05519113124968772
genetic covariance	Some pheno 103	Some pheno 107	-0.0021170193239128795	0.0554287192000572
genetic covariance	Some pheno 103	Some pheno 108	-0.020178827428171824	0.054209590227277185
genetic covariance	Some pheno 103	Some pheno 109	-0.008307640612802461	0.05457617672850166
genetic covariance	Some pheno 103	Some pheno 110	0.04658401533461241	0.05838891174149181
genetic covariance	Some pheno 104	Some pheno 104	1.0287639208586359	0.07605985218394828
genetic covariance	Some pheno 104	Some pheno 105	-0.42005391369265477	0.053601437195814165
genetic covariance	Some pheno 104	Some pheno 106	-0.0005903492562769901	0.054511743281430124
genetic covariance	Some pheno 104	Some pheno 107	-0.03717547926745126	0.05543058978872878
genetic covariance	Some pheno 104	Some pheno 108	0.01081835441560841	0.055244184527268085
genetic covariance	Some pheno 104	Some pheno 109	-0.05927495159481301	0.05482595999575467
genetic covariance	Some pheno 104	Some pheno 110	0.005064669221924318	0.05777321685913894
genetic covariance	Some pheno 105	Some pheno 105	0.9320545280285185	0.07497518238351429
genetic covariance	Some pheno 105	Some pheno 106	-0.012108291044258195	0.05460962601065779
genetic covariance	Some pheno 105	Some pheno 107	-0.030105426123766186	0.05576190417575668
genetic covariance	Some pheno 105	Some pheno 108	-0.05697590405555316	0.05368929784730525
genetic covariance	Some pheno 105	Some pheno 109	-0.04495920405281842	0.05441514602735999
genetic covariance	Some pheno 105	Some pheno 110	0.036365155180595736	0.05483275031076627
genetic covariance	Some pheno 106	Some pheno 106	0.9852177118946757	0.07803146293050639
genetic covariance	Some pheno 106	Some pheno 107	-0.5998349538641059	0.058280597492981256
genetic covariance	Some pheno 106	Some pheno 108	-0.8661430421606658	0.05980206323052702
genetic covariance	Some pheno 106	Some pheno 109	-0.15834271876990766	0.05520995506590034
genetic covariance	Some pheno 106	Some pheno 110	0.9710858168082543	0.062024802167910474
genetic covariance	Some pheno 107	Some pheno 107	1.0940010901244337	0.0806373395123534
genetic covariance	Some pheno 107	Some pheno 108	0.5429227070860057	0.055721060127831894
genetic covariance	Some pheno 107	Some pheno 109	0.16996206050160995	0.056084841752056025
genetic covariance	Some pheno 107	Some pheno 110	-0.6618461053493735	0.06711876206812155
genetic covariance	Some pheno 108	Some pheno 108	0.9852796045598414	0.0768390337306144
genetic covariance	Some pheno 108	Some pheno 109	0.24121643784912256	0.05660771903723078
genetic covariance	Some pheno 108	Some pheno 110	-0.9902262276584892	0.06003391315971049
genetic covariance	Some pheno 109	Some pheno 109	1.020454528382627	0.07783206227015577
genetic covariance	Some pheno 109	Some pheno 110	-0.25609344549791213	0.05600622390837604
genetic covariance	Some pheno 110	Some pheno 110	1.076822632302968	0.0795398452516619
environment covariance	Some pheno 101	Some pheno 101	2.9779678215590435	0.07681314750275396
environment covariance	Some pheno 101	Some pheno 102	0.8336210087974285	0.0554789925793794
environment covariance	Some pheno 101	Some pheno 103	-0.6345314714908928	0.05526730974275424
environment covariance	Some pheno 101	Some pheno 104	0.013464595880451194	0.05359579930747932
environment covariance	Some pheno 101	Some pheno 105	-0.7970690380984667	0.05613911465434745
environment covariance	Some pheno 101	Some pheno 106	0.34230366572208887	0.054757174319543814
environment covariance	Some pheno 101	Some pheno 107	0.7133223730128245	0.05559936074818367
environment covariance	Some pheno 101	Some pheno 108	0.13476825772108067	0.05448962991355286
environment covariance	Some pheno 101	Some pheno 109	1.8020180710282585	0.06307837234135814
environment covariance	Some pheno 101	Some pheno 110	-0.8100373027297677	0.05591694374100709
environment covariance	Some pheno 102	Some pheno 102	2.9277436487284927	0.07450311966168005
environment covariance	Some pheno 102	Some pheno 103	-1.034645463423424	0.05627869277862068
environment covariance	Some pheno 102	Some pheno 104	-1.280153068486703	0.057429452818478645
environment covariance	Some pheno 102	Some pheno 105	-0.9749427455282572	0.05622905599334473
environment covariance	Some pheno 102	Some pheno 106	0.38736616800151336	0.053954606385409803
environment covariance	Some pheno 102	Some pheno 107	1.4275247039847316	0.05914414047475205
environment covariance	Some pheno 102	Some pheno 108	-0.897103885296844	0.0557344804157208
environment covariance	Some pheno 102	Some pheno 109	0.07956989916409497	0.053378637381917414
environment covariance	Some pheno 102	Some pheno 110	-1.2442894037272976	0.057733036213652375
environment covariance	Some pheno 103	Some pheno 103	3.008508686572104	0.07615706082152857
environment covariance	Some pheno 103	Some pheno 104	-0.29592632198973506	0.05364643301039719
environment covariance	Some pheno 103	Some pheno 105	2.365696745386158	0.06844619374290992
environment covariance	Some pheno 103	Some pheno 106	0.7504964857396146	0.055887669966140224
environment covariance	Some pheno 103	Some pheno 107	0.23602389983785158	0.05406678415572442
environment covariance	Some pheno 103	Some pheno 108	-0.1737597843159979	0.05428127868583783
environment covariance	Some pheno 103	Some pheno 109	0.38035879232707476	0.054348220745682845
environment covariance	Some pheno 103	Some pheno 110	1.5819195074276744	0.06099864621239876
environment covariance	Some pheno 104	Some pheno 104	2.9552613463941504	0.07467569302886326
environment covariance	Some pheno 104	Some pheno 105	0.5550528563282193	0.0542790658852045
environment covariance	Some pheno 104	Some pheno 106	0.3190323973893858	0.053847729364018944
environment covariance	Some pheno 104	Some pheno 107	0.2950667732596189	0.05363255750627213
environment covariance	Some pheno 104	Some pheno 108	0.8114461634339547	0.055807883797065576
environment covariance	Some pheno 104	Some pheno 109	-0.5417557290861259	0.05422499684116876
environment covariance	Some pheno 104	Some pheno 110	-1.5185462513938919	0.0598850074021804
environment covariance	Some pheno 105	Some pheno 105	3.0117759960445682	0.07677809517818163
environment covariance	Some pheno 105	Some pheno 106	0.8075874314794149	0.0561600340897403
environment covariance	Some pheno 105	Some pheno 107	0.9052550844210485	0.05645179864523359
environment covariance	Some pheno 105	Some pheno 108	0.2288739634871016	0.05453961440456977
environment covariance	Some pheno 105	Some pheno 109	-0.4589981054799624	0.05479304110347862
environment covariance	Some pheno 105	Some pheno 110	0.3587347014321088	0.054401635999983024
environment covariance	Some pheno 106	Some pheno 106	3.0087853684083035	0.07710404059908628
environment covariance	Some pheno 106	Some pheno 107	-0.1040883229553451	0.054291111309962684
environment covariance	Some pheno 106	Some pheno 108	-0.35999567123377074	0.05497898112694901
environment covariance	Some pheno 106	Some pheno 109	0.45597957039736514	0.05490567502090437
environment covariance	Some pheno 106	Some pheno 110	0.3814563401329697	0.05471594876809511
environment covariance	Some pheno 107	Some pheno 107	2.9723938325225214	0.07629493621450979
environment covariance	Some pheno 107	Some pheno 108	-0.9266164126230545	0.05627964485060533
environment covariance	Some pheno 107	Some pheno 109	-0.5641781718475042	0.05483296792730085
environment covariance	Some pheno 107	Some pheno 110	-1.943608365756036	0.06431169862189323
environment covariance	Some pheno 108	Some pheno 108	3.0211816689341138	0.07709942683002291
environment covariance	Some pheno 108	Some pheno 109	0.9808052911797988	0.05689015450443557
environment covariance	Some pheno 108	Some pheno 110	0.005732649202948913	0.05402836579415209
environment covariance	Some pheno 109	Some pheno 109	2.977493585972832	0.07637127765525972
environment covariance	Some pheno 109	Some pheno 110	0.9846783635882639	0.056560749544297476
environment covariance	Some pheno 110	Some pheno 110	2.959232823583194	0.07597759066208029
